Using pre-set license
Built from '2020.3/staging' branch; Version is '2020.3.9f1 (108be757e447) revision 1084391'; Using compiler version '192528614'; Build Type 'Release'
OS: 'Windows 10 Pro; OS build 19042.1165; Version 2009; 64bit' Language: 'en' Physical Memory: 32702 MB
BatchMode: 1, IsHumanControllingUs: 0, StartBugReporterOnCrash: 0, Is64bit: 1, IsPro: 0

 COMMAND LINE ARGUMENTS:
C:\Program Files\Unity\Hub\Editor\2020.3.9f1\Editor\Unity.exe
-adb2
-batchMode
-noUpm
-name
AssetImportWorker0
-projectPath
D:/dev/unity-projects/cg-tutorial
-logFile
Logs/AssetImportWorker0.log
-srvPort
58240
Successfully changed project path to: D:/dev/unity-projects/cg-tutorial
D:/dev/unity-projects/cg-tutorial
Using Asset Import Pipeline V2.
Refreshing native plugins compatible for Editor in 34.75 ms, found 0 plugins.
Preloading 0 native plugins for Editor in 0.00 ms.
Initialize engine version: 2020.3.9f1 (108be757e447)
[Subsystems] Discovering subsystems at path C:/Program Files/Unity/Hub/Editor/2020.3.9f1/Editor/Data/Resources/UnitySubsystems
[Subsystems] Discovering subsystems at path D:/dev/unity-projects/cg-tutorial/Assets
GfxDevice: creating device client; threaded=0
Direct3D:
    Version:  Direct3D 11.0 [level 11.1]
    Renderer: NVIDIA GeForce RTX 2070 SUPER (ID=0x1e84)
    Vendor:   
    VRAM:     8011 MB
    Driver:   30.0.14.7168
Initialize mono
Mono path[0] = 'C:/Program Files/Unity/Hub/Editor/2020.3.9f1/Editor/Data/Managed'
Mono path[1] = 'C:/Program Files/Unity/Hub/Editor/2020.3.9f1/Editor/Data/MonoBleedingEdge/lib/mono/unityjit'
Mono config path = 'C:/Program Files/Unity/Hub/Editor/2020.3.9f1/Editor/Data/MonoBleedingEdge/etc'
Using monoOptions --debugger-agent=transport=dt_socket,embedding=1,server=y,suspend=n,address=127.0.0.1:56668
Begin MonoManager ReloadAssembly
Registering precompiled unity dll's ...
Register platform support module: C:/Program Files/Unity/Hub/Editor/2020.3.9f1/Editor/Data/PlaybackEngines/WebGLSupport/UnityEditor.WebGL.Extensions.dll
Register platform support module: C:/Program Files/Unity/Hub/Editor/2020.3.9f1/Editor/Data/PlaybackEngines/WindowsStandaloneSupport/UnityEditor.WindowsStandalone.Extensions.dll
Registered in 0.002040 seconds.
Native extension for WindowsStandalone target not found
Native extension for WebGL target not found
Refreshing native plugins compatible for Editor in 36.97 ms, found 0 plugins.
Preloading 0 native plugins for Editor in 0.00 ms.
Mono: successfully reloaded assembly
- Completed reload, in  1.593 seconds
Platform modules already initialized, skipping
Registering precompiled user dll's ...
Registered in 0.000762 seconds.
Begin MonoManager ReloadAssembly
Native extension for WindowsStandalone target not found
Native extension for WebGL target not found
Refreshing native plugins compatible for Editor in 36.68 ms, found 0 plugins.
Preloading 0 native plugins for Editor in 0.00 ms.
Mono: successfully reloaded assembly
- Completed reload, in  0.782 seconds
Platform modules already initialized, skipping
========================================================================
Worker process is ready to serve import requests
Shader 'Universal Render Pipeline/Particles/Lit': fallback shader 'Universal Render Pipeline/Particles/SimpleLit' not found
Shader 'Universal Render Pipeline/Particles/Lit': fallback shader 'Universal Render Pipeline/Particles/SimpleLit' not found
Launched and connected shader compiler UnityShaderCompiler.exe after 0.03 seconds
Refreshing native plugins compatible for Editor in 0.68 ms, found 0 plugins.
Preloading 0 native plugins for Editor in 0.00 ms.
Unloading 2375 Unused Serialized files (Serialized files now loaded: 0)
System memory in use before: 111.5 MB.
System memory in use after: 107.8 MB.

Unloading 59 unused Assets to reduce memory usage. Loaded Objects now: 2776.
Total: 3.593900 ms (FindLiveObjects: 0.296400 ms CreateObjectMapping: 0.062400 ms MarkObjects: 1.626800 ms  DeleteObjects: 1.607400 ms)

========================================================================
Received Import Request.
  path: Assets/Ch02/Ch02.unity
  artifactKey: Guid(9177871802a302543a7921d26a76758c) Importer(815301076,1909f56bfc062723c751e8b465ee728b)
Start importing Assets/Ch02/Ch02.unity using Guid(9177871802a302543a7921d26a76758c) Importer(815301076,1909f56bfc062723c751e8b465ee728b)  -> (artifact id: '840b7540e20df5eea17c90d31f844dda') in 0.017369 seconds
  Import took 0.021061 seconds .

========================================================================
Received Import Request.
  Time since last request: 1.006518 seconds.
  path: Assets/Ch03/Ch03.unity
  artifactKey: Guid(4582c0cfb1d69624abef6dff04aba8fb) Importer(815301076,1909f56bfc062723c751e8b465ee728b)
Start importing Assets/Ch03/Ch03.unity using Guid(4582c0cfb1d69624abef6dff04aba8fb) Importer(815301076,1909f56bfc062723c751e8b465ee728b)  -> (artifact id: '2c6377916328400a91bf0aa63c58857c') in 0.005631 seconds
  Import took 0.009245 seconds .

